{"F:\\Projetos\\Aulas\\Alura - Otávio Miranda\\primeiro-projeto-aula\\src\\components\\Button\\index.jsx": {"path":"F:\\Projetos\\Aulas\\Alura - Otávio Miranda\\primeiro-projeto-aula\\src\\components\\Button\\index.jsx","statementMap":{"0":{"start":{"line":3,"column":22},"end":{"line":7,"column":1}},"1":{"start":{"line":4,"column":4},"end":{"line":6,"column":13}}},"fnMap":{"0":{"name":"(anonymous_0)","decl":{"start":{"line":3,"column":22},"end":{"line":3,"column":23}},"loc":{"start":{"line":4,"column":4},"end":{"line":6,"column":13}},"line":4}},"branchMap":{},"s":{"0":1,"1":4},"f":{"0":4},"b":{},"_coverageSchema":"1a1c01bbd47fc00a2c39e90264f33305004495a9","hash":"cbae80df604bfabfdd692e114dda40d4cd4d5921"}
}
